2024-10-03T16:23:57.194+09:00  INFO 12728 --- [Donghae_zip] [main] c.e.donghae_zip.DonghaeZipApplication    : Starting DonghaeZipApplication using Java 17.0.10 with PID 12728 (C:\Donghae_zip\build\classes\java\main started by minorgenius in C:\Donghae_zip)
2024-10-03T16:23:57.196+09:00  INFO 12728 --- [Donghae_zip] [main] c.e.donghae_zip.DonghaeZipApplication    : No active profile set, falling back to 1 default profile: "default"
2024-10-03T16:23:58.100+09:00  INFO 12728 --- [Donghae_zip] [main] .s.d.r.c.RepositoryConfigurationDelegate : Bootstrapping Spring Data JPA repositories in DEFAULT mode.
2024-10-03T16:23:58.288+09:00  INFO 12728 --- [Donghae_zip] [main] .s.d.r.c.RepositoryConfigurationDelegate : Finished Spring Data repository scanning in 167 ms. Found 10 JPA repository interfaces.
2024-10-03T16:23:58.590+09:00  WARN 12728 --- [Donghae_zip] [main] trationDelegate$BeanPostProcessorChecker : Bean 'org.springframework.ws.config.annotation.DelegatingWsConfiguration' of type [org.springframework.ws.config.annotation.DelegatingWsConfiguration$$SpringCGLIB$$0] is not eligible for getting processed by all BeanPostProcessors (for example: not eligible for auto-proxying). The currently created BeanPostProcessor [annotationActionEndpointMapping] is declared through a non-static factory method on that class; consider declaring it as static instead.
2024-10-03T16:23:58.614+09:00  INFO 12728 --- [Donghae_zip] [main] .w.s.a.s.AnnotationActionEndpointMapping : Supporting [WS-Addressing August 2004, WS-Addressing 1.0]
2024-10-03T16:23:58.846+09:00  INFO 12728 --- [Donghae_zip] [main] o.s.b.w.embedded.tomcat.TomcatWebServer  : Tomcat initialized with port 8080 (http)
2024-10-03T16:23:58.859+09:00  INFO 12728 --- [Donghae_zip] [main] o.apache.catalina.core.StandardService   : Starting service [Tomcat]
2024-10-03T16:23:58.859+09:00  INFO 12728 --- [Donghae_zip] [main] o.apache.catalina.core.StandardEngine    : Starting Servlet engine: [Apache Tomcat/10.1.30]
2024-10-03T16:23:58.926+09:00  INFO 12728 --- [Donghae_zip] [main] o.a.c.c.C.[Tomcat].[localhost].[/]       : Initializing Spring embedded WebApplicationContext
2024-10-03T16:23:58.926+09:00  INFO 12728 --- [Donghae_zip] [main] w.s.c.ServletWebServerApplicationContext : Root WebApplicationContext: initialization completed in 1681 ms
2024-10-03T16:23:59.032+09:00  INFO 12728 --- [Donghae_zip] [main] com.zaxxer.hikari.HikariDataSource       : HikariPool-1 - Starting...
2024-10-03T16:23:59.303+09:00  INFO 12728 --- [Donghae_zip] [main] com.zaxxer.hikari.pool.HikariPool        : HikariPool-1 - Added connection com.mysql.cj.jdbc.ConnectionImpl@df7d1d4
2024-10-03T16:23:59.306+09:00  INFO 12728 --- [Donghae_zip] [main] com.zaxxer.hikari.HikariDataSource       : HikariPool-1 - Start completed.
2024-10-03T16:23:59.343+09:00  INFO 12728 --- [Donghae_zip] [main] o.hibernate.jpa.internal.util.LogHelper  : HHH000204: Processing PersistenceUnitInfo [name: default]
2024-10-03T16:23:59.398+09:00  INFO 12728 --- [Donghae_zip] [main] org.hibernate.Version                    : HHH000412: Hibernate ORM core version 6.5.3.Final
2024-10-03T16:23:59.439+09:00  INFO 12728 --- [Donghae_zip] [main] o.h.c.internal.RegionFactoryInitiator    : HHH000026: Second-level cache disabled
2024-10-03T16:23:59.749+09:00  INFO 12728 --- [Donghae_zip] [main] o.s.o.j.p.SpringPersistenceUnitInfo      : No LoadTimeWeaver setup: ignoring JPA class transformer
2024-10-03T16:24:00.874+09:00  INFO 12728 --- [Donghae_zip] [main] o.h.e.t.j.p.i.JtaPlatformInitiator       : HHH000489: No JTA platform available (set 'hibernate.transaction.jta.platform' to enable JTA platform integration)
2024-10-03T16:24:00.878+09:00  INFO 12728 --- [Donghae_zip] [main] j.LocalContainerEntityManagerFactoryBean : Initialized JPA EntityManagerFactory for persistence unit 'default'
2024-10-03T16:24:01.303+09:00  INFO 12728 --- [Donghae_zip] [main] o.s.d.j.r.query.QueryEnhancerFactory     : Hibernate is in classpath; If applicable, HQL parser will be used.
2024-10-03T16:24:01.968+09:00  WARN 12728 --- [Donghae_zip] [main] JpaBaseConfiguration$JpaWebConfiguration : spring.jpa.open-in-view is enabled by default. Therefore, database queries may be performed during view rendering. Explicitly configure spring.jpa.open-in-view to disable this warning
2024-10-03T16:24:01.987+09:00  INFO 12728 --- [Donghae_zip] [main] r$InitializeUserDetailsManagerConfigurer : Global AuthenticationManager configured with UserDetailsService bean with name customUserDetailsService
2024-10-03T16:24:02.589+09:00  INFO 12728 --- [Donghae_zip] [main] o.s.b.w.embedded.tomcat.TomcatWebServer  : Tomcat started on port 8080 (http) with context path '/'
2024-10-03T16:24:02.603+09:00  INFO 12728 --- [Donghae_zip] [main] c.e.donghae_zip.DonghaeZipApplication    : Started DonghaeZipApplication in 5.821 seconds (process running for 6.491)
2024-10-03T16:26:29.341+09:00  INFO 12728 --- [Donghae_zip] [SpringApplicationShutdownHook] j.LocalContainerEntityManagerFactoryBean : Closing JPA EntityManagerFactory for persistence unit 'default'
2024-10-03T16:26:29.343+09:00  INFO 12728 --- [Donghae_zip] [SpringApplicationShutdownHook] com.zaxxer.hikari.HikariDataSource       : HikariPool-1 - Shutdown initiated...
2024-10-03T16:26:29.347+09:00  INFO 12728 --- [Donghae_zip] [SpringApplicationShutdownHook] com.zaxxer.hikari.HikariDataSource       : HikariPool-1 - Shutdown completed.
2024-10-03T16:28:48.752+09:00  INFO 14816 --- [Donghae_zip] [main] c.e.donghae_zip.DonghaeZipApplication    : Starting DonghaeZipApplication using Java 17.0.10 with PID 14816 (C:\Donghae_zip\build\classes\java\main started by minorgenius in C:\Donghae_zip)
2024-10-03T16:28:48.754+09:00  INFO 14816 --- [Donghae_zip] [main] c.e.donghae_zip.DonghaeZipApplication    : No active profile set, falling back to 1 default profile: "default"
2024-10-03T16:28:49.808+09:00  INFO 14816 --- [Donghae_zip] [main] .s.d.r.c.RepositoryConfigurationDelegate : Bootstrapping Spring Data JPA repositories in DEFAULT mode.
2024-10-03T16:28:49.987+09:00  INFO 14816 --- [Donghae_zip] [main] .s.d.r.c.RepositoryConfigurationDelegate : Finished Spring Data repository scanning in 172 ms. Found 10 JPA repository interfaces.
2024-10-03T16:28:50.280+09:00  WARN 14816 --- [Donghae_zip] [main] trationDelegate$BeanPostProcessorChecker : Bean 'org.springframework.ws.config.annotation.DelegatingWsConfiguration' of type [org.springframework.ws.config.annotation.DelegatingWsConfiguration$$SpringCGLIB$$0] is not eligible for getting processed by all BeanPostProcessors (for example: not eligible for auto-proxying). The currently created BeanPostProcessor [annotationActionEndpointMapping] is declared through a non-static factory method on that class; consider declaring it as static instead.
2024-10-03T16:28:50.306+09:00  INFO 14816 --- [Donghae_zip] [main] .w.s.a.s.AnnotationActionEndpointMapping : Supporting [WS-Addressing August 2004, WS-Addressing 1.0]
2024-10-03T16:28:50.533+09:00  INFO 14816 --- [Donghae_zip] [main] o.s.b.w.embedded.tomcat.TomcatWebServer  : Tomcat initialized with port 8080 (http)
2024-10-03T16:28:50.545+09:00  INFO 14816 --- [Donghae_zip] [main] o.apache.catalina.core.StandardService   : Starting service [Tomcat]
2024-10-03T16:28:50.546+09:00  INFO 14816 --- [Donghae_zip] [main] o.apache.catalina.core.StandardEngine    : Starting Servlet engine: [Apache Tomcat/10.1.30]
2024-10-03T16:28:50.618+09:00  INFO 14816 --- [Donghae_zip] [main] o.a.c.c.C.[Tomcat].[localhost].[/]       : Initializing Spring embedded WebApplicationContext
2024-10-03T16:28:50.619+09:00  INFO 14816 --- [Donghae_zip] [main] w.s.c.ServletWebServerApplicationContext : Root WebApplicationContext: initialization completed in 1812 ms
2024-10-03T16:28:50.720+09:00  INFO 14816 --- [Donghae_zip] [main] com.zaxxer.hikari.HikariDataSource       : HikariPool-1 - Starting...
2024-10-03T16:28:50.988+09:00  INFO 14816 --- [Donghae_zip] [main] com.zaxxer.hikari.pool.HikariPool        : HikariPool-1 - Added connection com.mysql.cj.jdbc.ConnectionImpl@4fa91d5b
2024-10-03T16:28:50.990+09:00  INFO 14816 --- [Donghae_zip] [main] com.zaxxer.hikari.HikariDataSource       : HikariPool-1 - Start completed.
2024-10-03T16:28:51.024+09:00  INFO 14816 --- [Donghae_zip] [main] o.hibernate.jpa.internal.util.LogHelper  : HHH000204: Processing PersistenceUnitInfo [name: default]
2024-10-03T16:28:51.075+09:00  INFO 14816 --- [Donghae_zip] [main] org.hibernate.Version                    : HHH000412: Hibernate ORM core version 6.5.3.Final
2024-10-03T16:28:51.112+09:00  INFO 14816 --- [Donghae_zip] [main] o.h.c.internal.RegionFactoryInitiator    : HHH000026: Second-level cache disabled
2024-10-03T16:28:51.404+09:00  INFO 14816 --- [Donghae_zip] [main] o.s.o.j.p.SpringPersistenceUnitInfo      : No LoadTimeWeaver setup: ignoring JPA class transformer
2024-10-03T16:28:52.628+09:00  INFO 14816 --- [Donghae_zip] [main] o.h.e.t.j.p.i.JtaPlatformInitiator       : HHH000489: No JTA platform available (set 'hibernate.transaction.jta.platform' to enable JTA platform integration)
2024-10-03T16:28:52.630+09:00  INFO 14816 --- [Donghae_zip] [main] j.LocalContainerEntityManagerFactoryBean : Initialized JPA EntityManagerFactory for persistence unit 'default'
2024-10-03T16:28:53.070+09:00  INFO 14816 --- [Donghae_zip] [main] o.s.d.j.r.query.QueryEnhancerFactory     : Hibernate is in classpath; If applicable, HQL parser will be used.
2024-10-03T16:28:53.735+09:00  WARN 14816 --- [Donghae_zip] [main] JpaBaseConfiguration$JpaWebConfiguration : spring.jpa.open-in-view is enabled by default. Therefore, database queries may be performed during view rendering. Explicitly configure spring.jpa.open-in-view to disable this warning
2024-10-03T16:28:53.753+09:00  INFO 14816 --- [Donghae_zip] [main] r$InitializeUserDetailsManagerConfigurer : Global AuthenticationManager configured with UserDetailsService bean with name customUserDetailsService
2024-10-03T16:28:54.359+09:00  INFO 14816 --- [Donghae_zip] [main] o.s.b.w.embedded.tomcat.TomcatWebServer  : Tomcat started on port 8080 (http) with context path '/'
2024-10-03T16:28:54.370+09:00  INFO 14816 --- [Donghae_zip] [main] c.e.donghae_zip.DonghaeZipApplication    : Started DonghaeZipApplication in 6.076 seconds (process running for 6.933)
2024-10-03T16:32:12.740+09:00  INFO 14816 --- [Donghae_zip] [http-nio-8080-exec-1] o.a.c.c.C.[Tomcat].[localhost].[/]       : Initializing Spring DispatcherServlet 'dispatcherServlet'
2024-10-03T16:32:12.741+09:00  INFO 14816 --- [Donghae_zip] [http-nio-8080-exec-1] o.s.web.servlet.DispatcherServlet        : Initializing Servlet 'dispatcherServlet'
2024-10-03T16:32:12.742+09:00  INFO 14816 --- [Donghae_zip] [http-nio-8080-exec-1] o.s.web.servlet.DispatcherServlet        : Completed initialization in 1 ms
2024-10-03T16:32:34.657+09:00  WARN 14816 --- [Donghae_zip] [http-nio-8080-exec-8] ration$PageModule$WarningLoggingModifier : Serializing PageImpl instances as-is is not supported, meaning that there is no guarantee about the stability of the resulting JSON structure!
	For a stable JSON structure, please use Spring Data's PagedModel (globally via @EnableSpringDataWebSupport(pageSerializationMode = VIA_DTO))
	or Spring HATEOAS and Spring Data's PagedResourcesAssembler as documented in https://docs.spring.io/spring-data/commons/reference/repositories/core-extensions.html#core.web.pageables.

2024-10-03T16:34:46.258+09:00  INFO 14816 --- [Donghae_zip] [http-nio-8080-exec-4] c.e.donghae_zip.service.MemberService    : Trying to save or update social user. Email: 00jaejae98@gmail.com, Provider: google, ProviderId: 111119432314906519752
2024-10-03T16:34:46.261+09:00  INFO 14816 --- [Donghae_zip] [http-nio-8080-exec-4] c.e.donghae_zip.service.MemberService    : Member already exists with email: 00jaejae98@gmail.com
2024-10-03T16:37:46.479+09:00  INFO 14816 --- [Donghae_zip] [SpringApplicationShutdownHook] j.LocalContainerEntityManagerFactoryBean : Closing JPA EntityManagerFactory for persistence unit 'default'
2024-10-03T16:37:46.481+09:00  INFO 14816 --- [Donghae_zip] [SpringApplicationShutdownHook] com.zaxxer.hikari.HikariDataSource       : HikariPool-1 - Shutdown initiated...
2024-10-03T16:37:46.482+09:00  INFO 14816 --- [Donghae_zip] [SpringApplicationShutdownHook] com.zaxxer.hikari.HikariDataSource       : HikariPool-1 - Shutdown completed.
